Determining if the pthread_create exist failed with the following output:
Change Dir: /home/travis/build/DVDemon/otus_07_homework/CMakeFiles/CMakeTmp

Run Build Command:"/usr/bin/make" "cmTC_3db26/fast"
/usr/bin/make -f CMakeFiles/cmTC_3db26.dir/build.make CMakeFiles/cmTC_3db26.dir/build
make[1]: Entering directory '/home/travis/build/DVDemon/otus_07_homework/CMakeFiles/CMakeTmp'
Building C object CMakeFiles/cmTC_3db26.dir/CheckSymbolExists.c.o
/usr/bin/gcc    -o CMakeFiles/cmTC_3db26.dir/CheckSymbolExists.c.o   -c /home/travis/build/DVDemon/otus_07_homework/CMakeFiles/CMakeTmp/CheckSymbolExists.c
Linking C executable cmTC_3db26
/usr/local/cmake-3.12.4/bin/cmake -E cmake_link_script CMakeFiles/cmTC_3db26.dir/link.txt --verbose=1
/usr/bin/gcc      -rdynamic CMakeFiles/cmTC_3db26.dir/CheckSymbolExists.c.o  -o cmTC_3db26 
CMakeFiles/cmTC_3db26.dir/CheckSymbolExists.c.o: In function `main':
CheckSymbolExists.c:(.text+0x16): undefined reference to `pthread_create'
collect2: error: ld returned 1 exit status
CMakeFiles/cmTC_3db26.dir/build.make:86: recipe for target 'cmTC_3db26' failed
make[1]: *** [cmTC_3db26] Error 1
make[1]: Leaving directory '/home/travis/build/DVDemon/otus_07_homework/CMakeFiles/CMakeTmp'
Makefile:121: recipe for target 'cmTC_3db26/fast' failed
make: *** [cmTC_3db26/fast] Error 2

File /home/travis/build/DVDemon/otus_07_homework/CMakeFiles/CMakeTmp/CheckSymbolExists.c:
/* */
#include <pthread.h>

int main(int argc, char** argv)
{
  (void)argv;
#ifndef pthread_create
  return ((int*)(&pthread_create))[argc];
#else
  (void)argc;
  return 0;
#endif
}

Determining if the function pthread_create exists in the pthreads failed with the following output:
Change Dir: /home/travis/build/DVDemon/otus_07_homework/CMakeFiles/CMakeTmp

Run Build Command:"/usr/bin/make" "cmTC_5e1b6/fast"
/usr/bin/make -f CMakeFiles/cmTC_5e1b6.dir/build.make CMakeFiles/cmTC_5e1b6.dir/build
make[1]: Entering directory '/home/travis/build/DVDemon/otus_07_homework/CMakeFiles/CMakeTmp'
Building C object CMakeFiles/cmTC_5e1b6.dir/CheckFunctionExists.c.o
/usr/bin/gcc   -DCHECK_FUNCTION_EXISTS=pthread_create   -o CMakeFiles/cmTC_5e1b6.dir/CheckFunctionExists.c.o   -c /usr/local/cmake-3.12.4/share/cmake-3.12/Modules/CheckFunctionExists.c
Linking C executable cmTC_5e1b6
/usr/local/cmake-3.12.4/bin/cmake -E cmake_link_script CMakeFiles/cmTC_5e1b6.dir/link.txt --verbose=1
/usr/bin/gcc  -DCHECK_FUNCTION_EXISTS=pthread_create    -rdynamic CMakeFiles/cmTC_5e1b6.dir/CheckFunctionExists.c.o  -o cmTC_5e1b6 -lpthreads 
/usr/bin/ld: cannot find -lpthreads
collect2: error: ld returned 1 exit status
CMakeFiles/cmTC_5e1b6.dir/build.make:86: recipe for target 'cmTC_5e1b6' failed
make[1]: *** [cmTC_5e1b6] Error 1
make[1]: Leaving directory '/home/travis/build/DVDemon/otus_07_homework/CMakeFiles/CMakeTmp'
Makefile:121: recipe for target 'cmTC_5e1b6/fast' failed
make: *** [cmTC_5e1b6/fast] Error 2


